<?xml version="1.0" encoding="UTF-8"?>
<!-- Generated by org.testng.reporters.JUnitXMLReporter -->
<testsuite hostname="LAPTOP-TK96QQBN" ignored="0" name="SmokeTest" tests="5" failures="0" timestamp="2020-09-04T00:28:45 EDT" time="87.021" errors="0">
  <testcase name="loginTests" time="9.547" classname="com.syntax.tests.HRMLoginTest"/>
  <testcase name="loginTests" time="10.839" classname="com.syntax.tests.HRMLoginTest"/>
  <testcase name="loginTests" time="9.126" classname="com.syntax.tests.HRMLoginTest"/>
  <testcase name="loginTests" time="8.705" classname="com.syntax.tests.HRMLoginTest"/>
  <testcase name="loginTests" time="10.034" classname="com.syntax.tests.HRMLoginTest"/>
</testsuite> <!-- SmokeTest -->
