<?xml version="1.0" encoding="UTF-8"?>
<testng-results skipped="0" failed="0" ignored="0" total="1" passed="1">
  <reporter-output>
  </reporter-output>
  <suite name="Default suite" duration-ms="15044" started-at="2020-09-01T17:30:55 EDT" finished-at="2020-09-01T17:31:10 EDT">
    <groups>
    </groups>
    <test name="Default test" duration-ms="15044" started-at="2020-09-01T17:30:55 EDT" finished-at="2020-09-01T17:31:10 EDT">
      <class name="com.syntax.class11.HW">
        <test-method status="PASS" signature="setUp()[pri:0, instance:com.syntax.class11.HW@3b084709]" name="setUp" is-config="true" duration-ms="6137" started-at="2020-09-01T17:30:55 EDT" finished-at="2020-09-01T17:31:01 EDT">
          <reporter-output>
          </reporter-output>
        </test-method> <!-- setUp -->
        <test-method status="PASS" signature="form()[pri:0, instance:com.syntax.class11.HW@3b084709]" name="form" duration-ms="6239" started-at="2020-09-01T17:31:01 EDT" finished-at="2020-09-01T17:31:07 EDT">
          <reporter-output>
          </reporter-output>
        </test-method> <!-- form -->
        <test-method status="PASS" signature="closeBrowser()[pri:0, instance:com.syntax.class11.HW@3b084709]" name="closeBrowser" is-config="true" duration-ms="2640" started-at="2020-09-01T17:31:07 EDT" finished-at="2020-09-01T17:31:10 EDT">
          <reporter-output>
          </reporter-output>
        </test-method> <!-- closeBrowser -->
      </class> <!-- com.syntax.class11.HW -->
    </test> <!-- Default test -->
  </suite> <!-- Default suite -->
</testng-results>
